c:\connection\connection\debug\vc140.pdb
c:\connection\connection\debug\vc140.idb
c:\connection\connection\debug\component_makeblockbluetooth.obj
c:\connection\connection\debug\component_makeblockorionboard.obj
c:\connection\connection\debug\component_makeblockpir.obj
c:\connection\connection\debug\component_makeblockultrasonic.obj
c:\connection\connection\debug\component_makeblockmotordriver.obj
c:\connection\connection\debug\main.obj
c:\connection\connection\debug\component_makeblock.obj
c:\connection\connection\debug\component_makeblockaccelerometer.obj
c:\connection\connection\debug\component_makeblockconverter.obj
c:\connection\connection\debug\component_makeblockdcmotor.obj
c:\connection\connection\debug\component_makeblocklcdscreen.obj
c:\connection\connection\debug\component_makeblockledmatrix.obj
c:\connection\connection\debug\component_makeblockservomg995.obj
c:\connection\connection\debug\component_makeblocksoundsensor.obj
c:\connection\connection\debug\component_makeblockdualmotordriver.obj
c:\connection\connection\debug\component_pin.obj
c:\connection\connection\debug\component_pinconnectablelist.obj
c:\connection\debug\connection.ilk
c:\connection\debug\connection.exe
c:\connection\debug\connection.pdb
c:\connection\connection\debug\connection.tlog\cl.command.1.tlog
c:\connection\connection\debug\connection.tlog\cl.read.1.tlog
c:\connection\connection\debug\connection.tlog\cl.write.1.tlog
c:\connection\connection\debug\connection.tlog\link.command.1.tlog
c:\connection\connection\debug\connection.tlog\link.read.1.tlog
c:\connection\connection\debug\connection.tlog\link.write.1.tlog
